<?xml version="1.0" encoding="UTF-8"?>
<!-- Generated by org.testng.reporters.JUnitXMLReporter -->
<testsuite hostname="DESKTOP-UQP0FL8" ignored="0" name="Default test" tests="7" failures="0" timestamp="2021-06-05T17:41:41 IST" time="102.924" errors="0">
  <testcase name="launchBrowser" time="15.998" classname="com.sgtesting.assertassign.assert1"/>
  <testcase name="navigate" time="15.175" classname="com.sgtesting.assertassign.assert1"/>
  <testcase name="login" time="17.986" classname="com.sgtesting.assertassign.assert1"/>
  <testcase name="createUser" time="31.247" classname="com.sgtesting.assertassign.assert1"/>
  <testcase name="deleteUser" time="14.939" classname="com.sgtesting.assertassign.assert1"/>
  <testcase name="logout" time="3.449" classname="com.sgtesting.assertassign.assert1"/>
  <testcase name="closeApplication" time="3.925" classname="com.sgtesting.assertassign.assert1"/>
</testsuite> <!-- Default test -->
