<?xml version="1.0" encoding="UTF-8"?>
<!-- Generated by org.testng.reporters.JUnitXMLReporter -->
<testsuite hostname="HP-PC" ignored="0" name="Scenario" tests="87" failures="0" timestamp="2021-06-02T10:18:01 IST" time="677.321" errors="0">
  <testcase name="launchBrowser" time="3.838" classname="com.sgtesting.testng.Assignment1"/>
  <testcase name="navigate" time="4.023" classname="com.sgtesting.testng.Assignment1"/>
  <testcase name="login" time="4.274" classname="com.sgtesting.testng.Assignment1"/>
  <testcase name="minimizeFlyOutWindow" time="1.084" classname="com.sgtesting.testng.Assignment1"/>
  <testcase name="createUser" time="8.567" classname="com.sgtesting.testng.Assignment1"/>
  <testcase name="deleteUser" time="8.237" classname="com.sgtesting.testng.Assignment1"/>
  <testcase name="logout" time="0.618" classname="com.sgtesting.testng.Assignment1"/>
  <testcase name="closeBrowser" time="0.171" classname="com.sgtesting.testng.Assignment1"/>
  <testcase name="launchBrowser" time="1.856" classname="com.sgtesting.testng.Assignment2"/>
  <testcase name="navigate" time="5.052" classname="com.sgtesting.testng.Assignment2"/>
  <testcase name="login" time="5.351" classname="com.sgtesting.testng.Assignment2"/>
  <testcase name="minimizeFlyOutWindow" time="1.085" classname="com.sgtesting.testng.Assignment2"/>
  <testcase name="createUser" time="8.484" classname="com.sgtesting.testng.Assignment2"/>
  <testcase name="modifyUser" time="6.845" classname="com.sgtesting.testng.Assignment2"/>
  <testcase name="deleteUser" time="6.564" classname="com.sgtesting.testng.Assignment2"/>
  <testcase name="logout" time="0.38" classname="com.sgtesting.testng.Assignment2"/>
  <testcase name="closeBrowser" time="0.189" classname="com.sgtesting.testng.Assignment2"/>
  <testcase name="launchBrowser" time="1.847" classname="com.sgtesting.testng.Assignment3"/>
  <testcase name="navigate" time="4.376" classname="com.sgtesting.testng.Assignment3"/>
  <testcase name="login" time="5.302" classname="com.sgtesting.testng.Assignment3"/>
  <testcase name="minimizeFlyOutWindow" time="3.392" classname="com.sgtesting.testng.Assignment3"/>
  <testcase name="createCustomer" time="12.175" classname="com.sgtesting.testng.Assignment3"/>
  <testcase name="deleteCustomer" time="11.411" classname="com.sgtesting.testng.Assignment3"/>
  <testcase name="logout" time="0.668" classname="com.sgtesting.testng.Assignment3"/>
  <testcase name="closeBrowser" time="0.158" classname="com.sgtesting.testng.Assignment3"/>
  <testcase name="launchBrowser" time="1.816" classname="com.sgtesting.testng.Assignment4"/>
  <testcase name="navigate" time="4.309" classname="com.sgtesting.testng.Assignment4"/>
  <testcase name="login" time="5.253" classname="com.sgtesting.testng.Assignment4"/>
  <testcase name="minimizeFlyOutWindow" time="2.087" classname="com.sgtesting.testng.Assignment4"/>
  <testcase name="createCustomer" time="10.969" classname="com.sgtesting.testng.Assignment4"/>
  <testcase name="modifyCustomer" time="9.387" classname="com.sgtesting.testng.Assignment4"/>
  <testcase name="deleteCustomer" time="11.427" classname="com.sgtesting.testng.Assignment4"/>
  <testcase name="logout" time="0.285" classname="com.sgtesting.testng.Assignment4"/>
  <testcase name="closeBrowser" time="0.098" classname="com.sgtesting.testng.Assignment4"/>
  <testcase name="launchBrowser" time="2.597" classname="com.sgtesting.testng.Assignment5"/>
  <testcase name="navigate" time="3.891" classname="com.sgtesting.testng.Assignment5"/>
  <testcase name="login" time="5.308" classname="com.sgtesting.testng.Assignment5"/>
  <testcase name="minimizeFlyOutWindow" time="2.106" classname="com.sgtesting.testng.Assignment5"/>
  <testcase name="createCustomer" time="11.08" classname="com.sgtesting.testng.Assignment5"/>
  <testcase name="createProject" time="7.381" classname="com.sgtesting.testng.Assignment5"/>
  <testcase name="deleteProject" time="12.43" classname="com.sgtesting.testng.Assignment5"/>
  <testcase name="deleteCustomer" time="7.422" classname="com.sgtesting.testng.Assignment5"/>
  <testcase name="logout" time="0.641" classname="com.sgtesting.testng.Assignment5"/>
  <testcase name="closeBrowser" time="0.116" classname="com.sgtesting.testng.Assignment5"/>
  <testcase name="launchBrowser" time="1.946" classname="com.sgtesting.testng.Assignment6"/>
  <testcase name="navigate" time="4.256" classname="com.sgtesting.testng.Assignment6"/>
  <testcase name="login" time="4.332" classname="com.sgtesting.testng.Assignment6"/>
  <testcase name="minimizeFlyOutWindow" time="2.086" classname="com.sgtesting.testng.Assignment6"/>
  <testcase name="createCustomer" time="9.079" classname="com.sgtesting.testng.Assignment6"/>
  <testcase name="createProject" time="8.386" classname="com.sgtesting.testng.Assignment6"/>
  <testcase name="modifyProject" time="9.399" classname="com.sgtesting.testng.Assignment6"/>
  <testcase name="deleteProject" time="12.415" classname="com.sgtesting.testng.Assignment6"/>
  <testcase name="deleteCustomer" time="7.423" classname="com.sgtesting.testng.Assignment6"/>
  <testcase name="logout" time="0.622" classname="com.sgtesting.testng.Assignment6"/>
  <testcase name="closeBrowser" time="0.109" classname="com.sgtesting.testng.Assignment6"/>
  <testcase name="launchBrowser" time="1.91" classname="com.sgtesting.testng.Assignment7"/>
  <testcase name="navigate" time="3.943" classname="com.sgtesting.testng.Assignment7"/>
  <testcase name="login" time="4.324" classname="com.sgtesting.testng.Assignment7"/>
  <testcase name="minimizeFlyOutWindow" time="2.086" classname="com.sgtesting.testng.Assignment7"/>
  <testcase name="createCustomer" time="11.092" classname="com.sgtesting.testng.Assignment7"/>
  <testcase name="createProject" time="8.39" classname="com.sgtesting.testng.Assignment7"/>
  <testcase name="createTask" time="14.741" classname="com.sgtesting.testng.Assignment7"/>
  <testcase name="deleteTask" time="41.104" classname="com.sgtesting.testng.Assignment7"/>
  <testcase name="logout" time="0.312" classname="com.sgtesting.testng.Assignment7"/>
  <testcase name="closeBrowser" time="0.435" classname="com.sgtesting.testng.Assignment7"/>
  <testcase name="runPrerequisite" time="16.894" classname="com.sgtesting.testng.Assignment8"/>
  <testcase name="create3Users" time="42.375" classname="com.sgtesting.testng.Assignment8"/>
  <testcase name="loginandlogoutuser1" time="25.071" classname="com.sgtesting.testng.Assignment8"/>
  <testcase name="loginandlogoutuser2" time="20.777" classname="com.sgtesting.testng.Assignment8"/>
  <testcase name="loginandlogoutuser3" time="21.096" classname="com.sgtesting.testng.Assignment8"/>
  <testcase name="deleteUser" time="60.285" classname="com.sgtesting.testng.Assignment8"/>
  <testcase name="postrequistes" time="0.414" classname="com.sgtesting.testng.Assignment8"/>
  <testcase name="runPrerequisite" time="12.601" classname="com.sgtesting.testng.Assignment9"/>
  <testcase name="createUser1" time="7.321" classname="com.sgtesting.testng.Assignment9"/>
  <testcase name="loginuser1" time="5.91" classname="com.sgtesting.testng.Assignment9"/>
  <testcase name="createUser2" time="6.482" classname="com.sgtesting.testng.Assignment9"/>
  <testcase name="loginuser2" time="5.885" classname="com.sgtesting.testng.Assignment9"/>
  <testcase name="createUser3" time="11.604" classname="com.sgtesting.testng.Assignment9"/>
  <testcase name="modifyUser1" time="12.692" classname="com.sgtesting.testng.Assignment9"/>
  <testcase name="loginModifieduser1" time="3.999" classname="com.sgtesting.testng.Assignment9"/>
  <testcase name="modifyUser2" time="12.982" classname="com.sgtesting.testng.Assignment9"/>
  <testcase name="loginModifieduser2" time="3.852" classname="com.sgtesting.testng.Assignment9"/>
  <testcase name="modifyUser3" time="12.749" classname="com.sgtesting.testng.Assignment9"/>
  <testcase name="deleteuser3" time="13.694" classname="com.sgtesting.testng.Assignment9"/>
  <testcase name="deleteuser2" time="13.465" classname="com.sgtesting.testng.Assignment9"/>
  <testcase name="deleteuser1" time="11.406" classname="com.sgtesting.testng.Assignment9"/>
  <testcase name="postrequistes" time="2.467" classname="com.sgtesting.testng.Assignment9"/>
</testsuite> <!-- Scenario -->
