<?xml version="1.0" encoding="UTF-8"?>
<!-- Generated by org.testng.reporters.JUnitXMLReporter -->
<testsuite hostname="DESKTOP-UQP0FL8" ignored="0" name="Scenarios" tests="107" failures="0" timestamp="2021-06-02T17:39:33 IST" time="652.796" errors="0">
  <testcase name="launchBrowser" time="29.576" classname="com.sgtesting.Testng.Assignments1"/>
  <testcase name="navigate" time="53.64" classname="com.sgtesting.Testng.Assignments1"/>
  <testcase name="login" time="7.596" classname="com.sgtesting.Testng.Assignments1"/>
  <testcase name="minimizeFlyOutWindow" time="0.803" classname="com.sgtesting.Testng.Assignments1"/>
  <testcase name="createUser" time="0.079" classname="com.sgtesting.Testng.Assignments1"/>
  <testcase name="deleteUser" time="0.048" classname="com.sgtesting.Testng.Assignments1"/>
  <testcase name="logout" time="0.512" classname="com.sgtesting.Testng.Assignments1"/>
  <testcase name="closeApplication" time="4.236" classname="com.sgtesting.Testng.Assignments1"/>
  <testcase name="launchBrowser" time="7.623" classname="com.sgtesting.Testng.Assignment2"/>
  <testcase name="navigate" time="17.815" classname="com.sgtesting.Testng.Assignment2"/>
  <testcase name="login" time="2.547" classname="com.sgtesting.Testng.Assignment2"/>
  <testcase name="minimizeFlyOutWindow" time="25.814" classname="com.sgtesting.Testng.Assignment2"/>
  <testcase name="createUser" time="26.301" classname="com.sgtesting.Testng.Assignment2"/>
  <testcase name="modifyUser" time="0.07" classname="com.sgtesting.Testng.Assignment2"/>
  <testcase name="deleteUser" time="0.125" classname="com.sgtesting.Testng.Assignment2"/>
  <testcase name="logout" time="1.222" classname="com.sgtesting.Testng.Assignment2"/>
  <testcase name="closeApplication" time="4.006" classname="com.sgtesting.Testng.Assignment2"/>
  <testcase name="launchBrowser" time="11.949" classname="com.sgtesting.Testng.Assignment3"/>
  <testcase name="navigate" time="8.311" classname="com.sgtesting.Testng.Assignment3"/>
  <testcase name="login" time="2.524" classname="com.sgtesting.Testng.Assignment3"/>
  <testcase name="minimizeFlyOutWindow" time="5.851" classname="com.sgtesting.Testng.Assignment3"/>
  <testcase name="createCustomer" time="9.854" classname="com.sgtesting.Testng.Assignment3"/>
  <testcase name="deleteCustomer" time="1.199" classname="com.sgtesting.Testng.Assignment3"/>
  <testcase name="logout" time="1.269" classname="com.sgtesting.Testng.Assignment3"/>
  <testcase name="closeApplication" time="3.679" classname="com.sgtesting.Testng.Assignment3"/>
  <testcase name="launchBrowser" time="10.563" classname="com.sgtesting.Testng.Assignment4"/>
  <testcase name="navigate" time="11.131" classname="com.sgtesting.Testng.Assignment4"/>
  <testcase name="login" time="2.563" classname="com.sgtesting.Testng.Assignment4"/>
  <testcase name="minimizeFlyOutWindow" time="4.443" classname="com.sgtesting.Testng.Assignment4"/>
  <testcase name="createCustomer" time="8.035" classname="com.sgtesting.Testng.Assignment4"/>
  <testcase name="modifyCustomer" time="1.185" classname="com.sgtesting.Testng.Assignment4"/>
  <testcase name="deleteCustomer" time="1.261" classname="com.sgtesting.Testng.Assignment4"/>
  <testcase name="logout" time="1.645" classname="com.sgtesting.Testng.Assignment4"/>
  <testcase name="closeApplication" time="5.366" classname="com.sgtesting.Testng.Assignment4"/>
  <testcase name="launchBrowser" time="6.999" classname="com.sgtesting.Testng.Assignment5"/>
  <testcase name="navigate" time="135.689" classname="com.sgtesting.Testng.Assignment5"/>
  <testcase name="login" time="3.989" classname="com.sgtesting.Testng.Assignment5"/>
  <testcase name="minimizeFlyOutWindow" time="0.047" classname="com.sgtesting.Testng.Assignment5"/>
  <testcase name="createCustomer" time="0.151" classname="com.sgtesting.Testng.Assignment5"/>
  <testcase name="createProject" time="0.212" classname="com.sgtesting.Testng.Assignment5"/>
  <testcase name="deleteProject" time="0.119" classname="com.sgtesting.Testng.Assignment5"/>
  <testcase name="deleteCustomer" time="0.076" classname="com.sgtesting.Testng.Assignment5"/>
  <testcase name="logout" time="0.677" classname="com.sgtesting.Testng.Assignment5"/>
  <testcase name="closeApplication" time="28.855" classname="com.sgtesting.Testng.Assignment5"/>
  <testcase name="launchBrowser" time="20.871" classname="com.sgtesting.Testng.Assignment6"/>
  <testcase name="navigate" time="21.695" classname="com.sgtesting.Testng.Assignment6"/>
  <testcase name="login" time="4.389" classname="com.sgtesting.Testng.Assignment6"/>
  <testcase name="minimizeFlyOutWindow" time="14.559" classname="com.sgtesting.Testng.Assignment6"/>
  <testcase name="createCustomer" time="14.212" classname="com.sgtesting.Testng.Assignment6"/>
  <testcase name="createProject" time="1.323" classname="com.sgtesting.Testng.Assignment6"/>
  <testcase name="modifyProject" time="1.418" classname="com.sgtesting.Testng.Assignment6"/>
  <testcase name="deleteProject" time="1.248" classname="com.sgtesting.Testng.Assignment6"/>
  <testcase name="deleteCustomer" time="1.224" classname="com.sgtesting.Testng.Assignment6"/>
  <testcase name="logout" time="1.308" classname="com.sgtesting.Testng.Assignment6"/>
  <testcase name="closeApplication" time="10.599" classname="com.sgtesting.Testng.Assignment6"/>
  <testcase name="launchBrowser" time="13.019" classname="com.sgtesting.Testng.Assignment7"/>
  <testcase name="navigate" time="18.124" classname="com.sgtesting.Testng.Assignment7"/>
  <testcase name="login" time="4.322" classname="com.sgtesting.Testng.Assignment7"/>
  <testcase name="minimizeFlyOutWindow" time="9.234" classname="com.sgtesting.Testng.Assignment7"/>
  <testcase name="createCustomer" time="11.912" classname="com.sgtesting.Testng.Assignment7"/>
  <testcase name="createProject" time="1.273" classname="com.sgtesting.Testng.Assignment7"/>
  <testcase name="createTasks" time="1.162" classname="com.sgtesting.Testng.Assignment7"/>
  <testcase name="deleteTasks" time="0.157" classname="com.sgtesting.Testng.Assignment7"/>
  <testcase name="logout" time="1.354" classname="com.sgtesting.Testng.Assignment7"/>
  <testcase name="closeApplication" time="2.553" classname="com.sgtesting.Testng.Assignment7"/>
  <testcase name="launchBrowser" time="8.427" classname="com.sgtesting.Testng.Assignment8"/>
  <testcase name="navigate" time="11.928" classname="com.sgtesting.Testng.Assignment8"/>
  <testcase name="loginAdmin" time="0.007" classname="com.sgtesting.Testng.Assignment8"/>
  <testcase name="minimizeFlyOutWindow" time="0.045" classname="com.sgtesting.Testng.Assignment8"/>
  <testcase name="create3Users" time="0.003" classname="com.sgtesting.Testng.Assignment8"/>
  <testcase name="loginandlogoutuser1" time="0.003" classname="com.sgtesting.Testng.Assignment8"/>
  <testcase name="loginandlogoutuser2" time="0.005" classname="com.sgtesting.Testng.Assignment8"/>
  <testcase name="loginandlogoutuser3" time="0.003" classname="com.sgtesting.Testng.Assignment8"/>
  <testcase name="deleteUser" time="0.003" classname="com.sgtesting.Testng.Assignment8"/>
  <testcase name="logout" time="0.053" classname="com.sgtesting.Testng.Assignment8"/>
  <testcase name="closebrowser" time="0.004" classname="com.sgtesting.Testng.Assignment8"/>
  <testcase name="launchBrowser" time="9.928" classname="com.sgtesting.Testng.Assignment9"/>
  <testcase name="navigate" time="13.557" classname="com.sgtesting.Testng.Assignment9"/>
  <testcase name="loginAdmin" time="0.118" classname="com.sgtesting.Testng.Assignment9"/>
  <testcase name="minimizeFlyOutWindow" time="0.037" classname="com.sgtesting.Testng.Assignment9"/>
  <testcase name="createUser1" time="0.003" classname="com.sgtesting.Testng.Assignment9"/>
  <testcase name="logout1" time="0.004" classname="com.sgtesting.Testng.Assignment9"/>
  <testcase name="loginuser1" time="0.002" classname="com.sgtesting.Testng.Assignment9"/>
  <testcase name="createUser2" time="0.002" classname="com.sgtesting.Testng.Assignment9"/>
  <testcase name="logout2" time="0.002" classname="com.sgtesting.Testng.Assignment9"/>
  <testcase name="loginuser2" time="0.002" classname="com.sgtesting.Testng.Assignment9"/>
  <testcase name="createUser3" time="0.003" classname="com.sgtesting.Testng.Assignment9"/>
  <testcase name="logout3" time="0.015" classname="com.sgtesting.Testng.Assignment9"/>
  <testcase name="loginAdmin1" time="0.157" classname="com.sgtesting.Testng.Assignment9"/>
  <testcase name="modifyUser1" time="0.005" classname="com.sgtesting.Testng.Assignment9"/>
  <testcase name="logout4" time="0.007" classname="com.sgtesting.Testng.Assignment9"/>
  <testcase name="loginModifieduser1" time="0.004" classname="com.sgtesting.Testng.Assignment9"/>
  <testcase name="modifyUser2" time="0.003" classname="com.sgtesting.Testng.Assignment9"/>
  <testcase name="logout5" time="0.002" classname="com.sgtesting.Testng.Assignment9"/>
  <testcase name="loginModifieduser2" time="0.004" classname="com.sgtesting.Testng.Assignment9"/>
  <testcase name="modifyUser3" time="0.002" classname="com.sgtesting.Testng.Assignment9"/>
  <testcase name="logout6" time="0.003" classname="com.sgtesting.Testng.Assignment9"/>
  <testcase name="loginModifieduser3" time="0.003" classname="com.sgtesting.Testng.Assignment9"/>
  <testcase name="deleteuser3" time="0.003" classname="com.sgtesting.Testng.Assignment9"/>
  <testcase name="logout7" time="0.002" classname="com.sgtesting.Testng.Assignment9"/>
  <testcase name="loginModifieduser11" time="0.003" classname="com.sgtesting.Testng.Assignment9"/>
  <testcase name="deleteuser2" time="0.003" classname="com.sgtesting.Testng.Assignment9"/>
  <testcase name="logout8" time="0.003" classname="com.sgtesting.Testng.Assignment9"/>
  <testcase name="loginAdmin11" time="0.003" classname="com.sgtesting.Testng.Assignment9"/>
  <testcase name="deleteuser1" time="0.002" classname="com.sgtesting.Testng.Assignment9"/>
  <testcase name="logout" time="0.003" classname="com.sgtesting.Testng.Assignment9"/>
  <testcase name="closebrowser" time="0.003" classname="com.sgtesting.Testng.Assignment9"/>
</testsuite> <!-- Scenarios -->
